
**** Build of configuration Debug for project SFMLTest ****

Nothing to build for project SFMLTest
07:35:37 **** Incremental Build of configuration Debug for project SFMLTest ****
make all 
Building file: ../main.cpp
Invoking: GCC C++ Compiler
g++ -O0 -g3 -Wall -c -fmessage-length=0 -MMD -MP -MF"main.d" -MT"main.d" -o "main.o" "../main.cpp"
Finished building: ../main.cpp
 
Building target: SFMLTest
Invoking: MacOS X C++ Linker
g++  -o "SFMLTest"  ./main.o   
Finished building target: SFMLTest
 
07:35:44 **** Incremental Build of configuration Debug for project SFMLTest ****
make all 
make: Nothing to be done for `all'.
07:36:27 **** Incremental Build of configuration Debug for project SFMLTest ****
make all 
Building file: ../main.cpp
Invoking: GCC C++ Compiler
g++ -O0 -g3 -Wall -c -fmessage-length=0 -MMD -MP -MF"main.d" -MT"main.d" -o "main.o" "../main.cpp"
Finished building: ../main.cpp
 
Building target: SFMLTest
Invoking: MacOS X C++ Linker
g++  -o "SFMLTest"  ./main.o   
Finished building target: SFMLTest
 
07:36:31 **** Incremental Build of configuration Debug for project SFMLTest ****
make all 
make: Nothing to be done for `all'.
07:36:41 **** Incremental Build of configuration Debug for project SFMLTest ****
make all 
Building file: ../main.cpp
Invoking: GCC C++ Compiler
g++ -O0 -g3 -Wall -c -fmessage-length=0 -MMD -MP -MF"main.d" -MT"main.d" -o "main.o" "../main.cpp"
Finished building: ../main.cpp
 
Building target: SFMLTest
Invoking: MacOS X C++ Linker
g++  -o "SFMLTest"  ./main.o   
Finished building target: SFMLTest
 
07:36:50 **** Incremental Build of configuration Debug for project SFMLTest ****
make all 
make: Nothing to be done for `all'.
07:36:55 **** Incremental Build of configuration Debug for project SFMLTest ****
make all 
Building file: ../main.cpp
Invoking: GCC C++ Compiler
g++ -O0 -g3 -Wall -c -fmessage-length=0 -MMD -MP -MF"main.d" -MT"main.d" -o "main.o" "../main.cpp"
Finished building: ../main.cpp
 
Building target: SFMLTest
Invoking: MacOS X C++ Linker
g++  -o "SFMLTest"  ./main.o   
Finished building target: SFMLTest
 
07:37:01 **** Incremental Build of configuration Debug for project SFMLTest ****
make all 
Building file: ../main.cpp
Invoking: GCC C++ Compiler
g++ -O0 -g3 -Wall -c -fmessage-length=0 -MMD -MP -MF"main.d" -MT"main.d" -o "main.o" "../main.cpp"
Finished building: ../main.cpp
 
Building target: SFMLTest
Invoking: MacOS X C++ Linker
g++  -o "SFMLTest"  ./main.o   
Finished building target: SFMLTest
 
